0 info it worked if it ends with ok
1 verbose cli [ '/Users/lukewhyte/.nvm/versions/node/v6.2.2/bin/node',
1 verbose cli   '/Users/lukewhyte/.nvm/versions/node/v6.2.2/bin/npm',
1 verbose cli   'start' ]
2 info using npm@3.10.7
3 info using node@v6.2.2
4 verbose run-script [ 'prestart', 'start', 'poststart' ]
5 info lifecycle foundation-sites-template@1.0.0~prestart: foundation-sites-template@1.0.0
6 silly lifecycle foundation-sites-template@1.0.0~prestart: no script for prestart, continuing
7 info lifecycle foundation-sites-template@1.0.0~start: foundation-sites-template@1.0.0
8 verbose lifecycle foundation-sites-template@1.0.0~start: unsafe-perm in lifecycle true
9 verbose lifecycle foundation-sites-template@1.0.0~start: PATH: /Users/lukewhyte/.nvm/versions/node/v6.2.2/lib/node_modules/npm/bin/node-gyp-bin:/Users/lukewhyte/Documents/texas_turnout/txturnt/node_modules/.bin:/Users/lukewhyte/.nvm/versions/node/v6.2.2/bin:/Users/lukewhyte/.rbenv/shims:/usr/local/bin:/usr/local/sbin:/Applications/Postgres.app/Contents/Versions/9.4/bin:/usr/local/bin:/usr/bin:/bin:/usr/sbin:/sbin
10 verbose lifecycle foundation-sites-template@1.0.0~start: CWD: /Users/lukewhyte/Documents/texas_turnout/txturnt
11 silly lifecycle foundation-sites-template@1.0.0~start: Args: [ '-c', 'gulp' ]
12 silly lifecycle foundation-sites-template@1.0.0~start: Returned: code: 1  signal: null
13 info lifecycle foundation-sites-template@1.0.0~start: Failed to exec start script
14 verbose stack Error: foundation-sites-template@1.0.0 start: `gulp`
14 verbose stack Exit status 1
14 verbose stack     at EventEmitter.<anonymous> (/Users/lukewhyte/.nvm/versions/node/v6.2.2/lib/node_modules/npm/lib/utils/lifecycle.js:255:16)
14 verbose stack     at emitTwo (events.js:106:13)
14 verbose stack     at EventEmitter.emit (events.js:191:7)
14 verbose stack     at ChildProcess.<anonymous> (/Users/lukewhyte/.nvm/versions/node/v6.2.2/lib/node_modules/npm/lib/utils/spawn.js:40:14)
14 verbose stack     at emitTwo (events.js:106:13)
14 verbose stack     at ChildProcess.emit (events.js:191:7)
14 verbose stack     at maybeClose (internal/child_process.js:852:16)
14 verbose stack     at Process.ChildProcess._handle.onexit (internal/child_process.js:215:5)
15 verbose pkgid foundation-sites-template@1.0.0
16 verbose cwd /Users/lukewhyte/Documents/texas_turnout/txturnt
17 error Darwin 15.5.0
18 error argv "/Users/lukewhyte/.nvm/versions/node/v6.2.2/bin/node" "/Users/lukewhyte/.nvm/versions/node/v6.2.2/bin/npm" "start"
19 error node v6.2.2
20 error npm  v3.10.7
21 error code ELIFECYCLE
22 error foundation-sites-template@1.0.0 start: `gulp`
22 error Exit status 1
23 error Failed at the foundation-sites-template@1.0.0 start script 'gulp'.
23 error Make sure you have the latest version of node.js and npm installed.
23 error If you do, this is most likely a problem with the foundation-sites-template package,
23 error not with npm itself.
23 error Tell the author that this fails on your system:
23 error     gulp
23 error You can get information on how to open an issue for this project with:
23 error     npm bugs foundation-sites-template
23 error Or if that isn't available, you can get their info via:
23 error     npm owner ls foundation-sites-template
23 error There is likely additional logging output above.
24 verbose exit [ 1, true ]
